<?xml version="1.0" encoding="UTF-8"?>
<!-- Generated by org.testng.reporters.JUnitReportReporter -->
<testsuite hostname="DESKTOP-05KTQHD" failures="0" tests="1" name="TestCases.LoginTest" time="0.082" errors="0" timestamp="2024-12-06T13:07:02 IST" skipped="0">
  <testcase classname="TestCases.LoginTest" name="verifyLoginPage" time="0.082"/>
</testsuite> <!-- TestCases.LoginTest -->
