<?xml version="1.0" encoding="UTF-8"?>
<!-- Generated by org.testng.reporters.JUnitReportReporter -->
<testsuite hostname="DESKTOP-05KTQHD" failures="0" tests="1" name="TestCases.LoginTest" time="12.359" errors="0" timestamp="2024-12-04T19:48:46 IST" skipped="0">
  <testcase classname="TestCases.LoginTest" name="checkUserLogin" time="12.359"/>
</testsuite> <!-- TestCases.LoginTest -->
