<?xml version="1.0" encoding="UTF-8"?>
<!-- Generated by org.testng.reporters.JUnitReportReporter -->
<testsuite hostname="DESKTOP-05KTQHD" failures="0" tests="1" name="TestCases.SelectSourceAndDestinationPlaceTest" time="7.272" errors="0" timestamp="2024-12-06T11:03:51 IST" skipped="0">
  <testcase classname="TestCases.SelectSourceAndDestinationPlaceTest" name="FlightRoute" time="7.272"/>
</testsuite> <!-- TestCases.SelectSourceAndDestinationPlaceTest -->
