<?xml version="1.0" encoding="UTF-8"?>
<!-- Generated by org.testng.reporters.JUnitReportReporter -->
<testsuite hostname="DESKTOP-05KTQHD" failures="0" tests="1" name="TestCases.FlightDateTest" time="4.899" errors="0" timestamp="2024-12-06T13:07:02 IST" skipped="0">
  <testcase classname="TestCases.FlightDateTest" name="enterFlightDate" time="4.899"/>
</testsuite> <!-- TestCases.FlightDateTest -->
